<?xml version="1.0" encoding="UTF-8"?>
<!-- Generated by org.testng.reporters.JUnitReportReporter -->
<testsuite hostname="DESKTOP-SFD2OUV" failures="0" tests="1" name="Testng.autoitupload" time="14.266" errors="0" timestamp="2024-10-25T16:13:49 IST" skipped="0">
  <testcase classname="Testng.autoitupload" name="test" time="14.266"/>
  <system-out/>
</testsuite> <!-- Testng.autoitupload -->
