<?xml version="1.0" encoding="UTF-8"?>
<!-- Generated by org.testng.reporters.JUnitReportReporter -->
<testsuite hostname="DESKTOP-SFD2OUV" failures="0" tests="1" name="Testng.parameterization" time="0.016" errors="0" timestamp="2024-10-22T14:22:02 IST" skipped="0">
  <testcase classname="Testng.parameterization" name="test" time="0.016"/>
  <system-out/>
</testsuite> <!-- Testng.parameterization -->
