<?xml version="1.0" encoding="UTF-8"?>
<!-- Generated by org.testng.reporters.JUnitReportReporter -->
<testsuite hostname="DESKTOP-SFD2OUV" failures="0" tests="1" name="Testng.loginvalidation" time="0.549" errors="0" timestamp="2024-10-28T15:35:32 IST" skipped="0">
  <testcase classname="Testng.loginvalidation" name="validation" time="0.549"/>
  <system-out/>
</testsuite> <!-- Testng.loginvalidation -->
