<?xml version="1.0" encoding="UTF-8"?>
<!-- Generated by org.testng.reporters.JUnitReportReporter -->
<testsuite hostname="DESKTOP-SFD2OUV" failures="0" tests="1" name="Testng.copypaste" time="0.709" errors="0" timestamp="2024-10-23T14:10:51 IST" skipped="0">
  <testcase classname="Testng.copypaste" name="test" time="0.709"/>
  <system-out/>
</testsuite> <!-- Testng.copypaste -->
