<?xml version="1.0" encoding="UTF-8"?>
<!-- Generated by org.testng.reporters.JUnitReportReporter -->
<testsuite hostname="DESKTOP-SFD2OUV" failures="0" tests="1" name="Testng.ebayprgm" time="3.605" errors="0" timestamp="2024-10-24T14:24:35 IST" skipped="0">
  <testcase classname="Testng.ebayprgm" name="test" time="3.605"/>
  <system-out/>
</testsuite> <!-- Testng.ebayprgm -->
