<?xml version="1.0" encoding="UTF-8"?>
<!-- Generated by org.testng.reporters.JUnitReportReporter -->
<testsuite hostname="DESKTOP-SFD2OUV" failures="0" tests="1" name="Testng.demosite" time="0.707" errors="0" timestamp="2024-10-23T21:21:35 IST" skipped="0">
  <testcase classname="Testng.demosite" name="test" time="0.707"/>
  <system-out/>
</testsuite> <!-- Testng.demosite -->
