<?xml version="1.0" encoding="UTF-8"?>
<!-- Generated by org.testng.reporters.JUnitReportReporter -->
<testsuite hostname="DESKTOP-SFD2OUV" failures="0" tests="1" name="Testng.datepickerclass" time="1.540" errors="0" timestamp="2024-10-29T14:43:06 IST" skipped="0">
  <testcase classname="Testng.datepickerclass" name="datepicker" time="1.540"/>
  <system-out/>
</testsuite> <!-- Testng.datepickerclass -->
