<?xml version="1.0" encoding="UTF-8"?>
<!-- Generated by org.testng.reporters.JUnitReportReporter -->
<testsuite hostname="DESKTOP-SFD2OUV" failures="0" tests="1" name="Test.Fbcreatepagetest" time="2.110" errors="0" timestamp="2024-11-01T14:58:21 IST" skipped="0">
  <testcase classname="Test.Fbcreatepagetest" name="test" time="2.110"/>
  <system-out/>
</testsuite> <!-- Test.Fbcreatepagetest -->
