<?xml version="1.0" encoding="UTF-8"?>
<!-- Generated by org.testng.reporters.JUnitReportReporter -->
<testsuite hostname="DESKTOP-SFD2OUV" failures="0" tests="2" name="Testng.crossbrowser" time="21.928" errors="0" timestamp="2024-10-22T15:33:50 IST" skipped="0">
  <testcase classname="Testng.crossbrowser" name="test" time="12.560"/>
  <system-out/>
  <testcase classname="Testng.crossbrowser" name="test" time="9.368"/>
  <system-out/>
</testsuite> <!-- Testng.crossbrowser -->
