<?xml version="1.0" encoding="UTF-8"?>
<!-- Generated by org.testng.reporters.JUnitReportReporter -->
<testsuite hostname="DESKTOP-SFD2OUV" failures="0" tests="1" name="Testng.facebooklogin" time="6.008" errors="0" timestamp="2024-10-22T15:10:41 IST" skipped="0">
  <testcase classname="Testng.facebooklogin" name="test" time="6.008"/>
  <system-out/>
</testsuite> <!-- Testng.facebooklogin -->
