<?xml version="1.0" encoding="UTF-8"?>
<!-- Generated by org.testng.reporters.JUnitReportReporter -->
<testsuite hostname="DESKTOP-SFD2OUV" failures="0" tests="1" name="Testng.Amazonwindowswap" time="21.907" errors="0" timestamp="2024-11-06T15:05:52 IST" skipped="0">
  <testcase classname="Testng.Amazonwindowswap" name="testing" time="21.907"/>
  <system-out/>
</testsuite> <!-- Testng.Amazonwindowswap -->
