<?xml version="1.0" encoding="UTF-8"?>
<!-- Generated by org.testng.reporters.JUnitReportReporter -->
<testsuite hostname="DESKTOP-SFD2OUV" failures="0" tests="1" name="Testng.demobank" time="1.842" errors="0" timestamp="2024-10-24T15:39:42 IST" skipped="0">
  <testcase classname="Testng.demobank" name="test" time="1.842"/>
  <system-out/>
</testsuite> <!-- Testng.demobank -->
