<?xml version="1.0" encoding="UTF-8"?>
<!-- Generated by org.testng.reporters.JUnitReportReporter -->
<testsuite hostname="DESKTOP-SFD2OUV" failures="0" tests="1" name="Testng.datadriventest" time="5.480" errors="0" timestamp="2024-10-28T15:49:55 IST" skipped="0">
  <testcase classname="Testng.datadriventest" name="test" time="5.480"/>
  <system-out/>
</testsuite> <!-- Testng.datadriventest -->
