<?xml version="1.0" encoding="UTF-8"?>
<!-- Generated by org.testng.reporters.JUnitReportReporter -->
<testsuite hostname="DESKTOP-SFD2OUV" failures="0" tests="6" name="Testng.demotestNG" time="0.020" errors="0" timestamp="2024-10-18T14:41:04 IST" skipped="1">
  <testcase classname="Testng.demotestNG" name="test1" time="0.002"/>
  <system-out/>
  <testcase classname="Testng.demotestNG" name="test1" time="0.001"/>
  <system-out/>
  <testcase classname="Testng.demotestNG" name="test1" time="0.002"/>
  <system-out/>
  <testcase classname="Testng.demotestNG" name="test4" time="0.012"/>
  <system-out/>
  <testcase classname="Testng.demotestNG" name="test2" time="0.003"/>
  <system-out/>
  <testcase classname="Testng.demotestNG" name="test3">
    <skipped/>
  </testcase> <!-- test3 -->
  <system-out/>
</testsuite> <!-- Testng.demotestNG -->
