<?xml version="1.0" encoding="UTF-8"?>
<!-- Generated by org.testng.reporters.JUnitReportReporter -->
<testsuite hostname="DESKTOP-SFD2OUV" failures="0" tests="1" name="Testng.robotupload" time="10.420" errors="0" timestamp="2024-10-25T15:25:54 IST" skipped="0">
  <testcase classname="Testng.robotupload" name="fileupload" time="10.420"/>
  <system-out/>
</testsuite> <!-- Testng.robotupload -->
